<?xml version="1.0" encoding="UTF-8"?>
<!-- Generated by org.testng.reporters.JUnitReportReporter -->
<testsuite hostname="GINAGELERATAN" failures="0" tests="1" name="socium.TestNGTestRunner" time="28.219" errors="0" timestamp="2023-07-14T15:07:37 PST" skipped="0">
  <testcase classname="socium.TestNGTestRunner" name="runScenario" time="28.219"/>
</testsuite> <!-- socium.TestNGTestRunner -->
