<?xml version="1.0" encoding="UTF-8"?>
<!-- Generated by org.testng.reporters.JUnitReportReporter -->
<testsuite hostname="GINAGELERATAN" failures="0" tests="4" name="javastream.JavaStream" time="0.121" errors="0" timestamp="2023-07-19T17:03:32 PST" skipped="0">
  <testcase classname="javastream.JavaStream" name="streamMap" time="0.090"/>
  <testcase classname="javastream.JavaStream" name="streamFilter" time="0.009"/>
  <testcase classname="javastream.JavaStream" name="streamCollect" time="0.005"/>
  <testcase classname="javastream.JavaStream" name="regularCode" time="0.017"/>
</testsuite> <!-- javastream.JavaStream -->
